<?xml version="1.0" encoding="UTF-8"?>
<!-- Generated by org.testng.reporters.JUnitReportReporter -->
<testsuite hostname="Asus-lap" failures="0" tests="3" name="com.run.Login" time="50.956" errors="0" timestamp="2023-12-12T19:32:25 IST" skipped="0">
  <testcase classname="com.run.Login" name="crtCredentials" time="18.583"/>
  <testcase classname="com.run.Login" name="incrtCredentials" time="18.724"/>
  <testcase classname="com.run.Login" name="forgotButton" time="13.649"/>
</testsuite> <!-- com.run.Login -->
